Arguments: 
  /usr/local/bin/node /usr/local/Cellar/yarn/1.22.19/libexec/bin/yarn.js add @react-navigation/native

PATH: 
  /usr/local/bin:/System/Cryptexes/App/usr/bin:/usr/bin:/bin:/usr/sbin:/sbin:/usr/local/share/dotnet:~/.dotnet/tools:/Library/Apple/usr/bin:/Library/Frameworks/Mono.framework/Versions/Current/Commands:/Users/peterlelkes/Library/Android/sdk/platform-tools:/Users/peterlelkes/Library/Android/sdk/emulator:/Users/peterlelkes/Library/Android/sdk/tools:/Users/peterlelkes/Library/Android/sdk/tools/bin

Yarn version: 
  1.22.19

Node version: 
  16.14.2

Platform: 
  darwin x64

Trace: 
  Error: EACCES: permission denied, unlink '/Users/peterlelkes/Desktop/MyProjects/Anestesi-drugs/dose-calculator/node_modules/@expo/configure-splash-screen/README.md'

npm manifest: 
  {
    "name": "dose-calculator",
    "version": "1.0.0",
    "main": "node_modules/expo/AppEntry.js",
    "scripts": {
      "start": "expo start",
      "android": "expo start --android",
      "ios": "expo start --ios",
      "web": "expo start --web"
    },
    "dependencies": {
      "expo": "~48.0.9",
      "expo-status-bar": "~1.4.4",
      "react": "18.2.0",
      "react-native": "0.71.4",
      "expo-font": "~11.1.1",
      "expo-splash-screen": "~0.18.1"
    },
    "devDependencies": {
      "@babel/core": "^7.20.0"
    },
    "private": true
  }

yarn manifest: 
  No manifest

Lockfile: 
  No lockfile
